build/outputs/logs/manifest-merger-debug-report.txt
-- Merging decision tree log ---
manifest
ADDED from src\main\AndroidManifest.xml:3:1-66:12
	package
		ADDED from src\main\AndroidManifest.xml:4:11-44
		INJECTED from src\main\AndroidManifest.xml
		INJECTED from src\main\AndroidManifest.xml
	android:versionName
		INJECTED from src\main\AndroidManifest.xml
		INJECTED from src\main\AndroidManifest.xml
	xmlns:android
		ADDED from src\main\AndroidManifest.xml:3:11-69
	android:versionCode
		INJECTED from src\main\AndroidManifest.xml
		INJECTED from src\main\AndroidManifest.xml
uses-permission#com.android.launcher.permission.READ_SETTINGS
ADDED from src\main\AndroidManifest.xml:6:5-84
	android:name
		ADDED from src\main\AndroidManifest.xml:6:22-82
uses-permission#android.permission.ACCESS_COARSE_LOCATION
ADDED from src\main\AndroidManifest.xml:8:5-80
	android:name
		ADDED from src\main\AndroidManifest.xml:8:22-78
uses-permission#android.permission.ACCESS_FINE_LOCATION
ADDED from src\main\AndroidManifest.xml:10:5-78
	android:name
		ADDED from src\main\AndroidManifest.xml:10:22-76
uses-permission#android.permission.ACCESS_WIFI_STATE
ADDED from src\main\AndroidManifest.xml:12:5-75
	android:name
		ADDED from src\main\AndroidManifest.xml:12:22-73
uses-permission#android.permission.ACCESS_NETWORK_STATE
ADDED from src\main\AndroidManifest.xml:14:5-78
	android:name
		ADDED from src\main\AndroidManifest.xml:14:22-76
uses-permission#android.permission.READ_PHONE_STATE
ADDED from src\main\AndroidManifest.xml:16:5-74
	android:name
		ADDED from src\main\AndroidManifest.xml:16:22-72
uses-permission#android.permission.WRITE_EXTERNAL_STORAGE
ADDED from src\main\AndroidManifest.xml:18:5-80
	android:name
		ADDED from src\main\AndroidManifest.xml:18:22-78
uses-permission#android.permission.INTERNET
ADDED from src\main\AndroidManifest.xml:20:5-66
	android:name
		ADDED from src\main\AndroidManifest.xml:20:22-64
uses-permission#android.permission.CAMERA
ADDED from src\main\AndroidManifest.xml:22:5-64
	android:name
		ADDED from src\main\AndroidManifest.xml:22:22-62
uses-permission#android.permission.VIBRATE
ADDED from src\main\AndroidManifest.xml:24:5-65
	android:name
		ADDED from src\main\AndroidManifest.xml:24:22-63
uses-feature#0x00020000
ADDED from src\main\AndroidManifest.xml:27:5-29:34
	android:glEsVersion
		ADDED from src\main\AndroidManifest.xml:28:9-41
	android:required
		ADDED from src\main\AndroidManifest.xml:29:9-32
application
ADDED from src\main\AndroidManifest.xml:31:5-63:19
	android:label
		ADDED from src\main\AndroidManifest.xml:35:9-41
	android:supportsRtl
		ADDED from src\main\AndroidManifest.xml:36:9-35
	android:allowBackup
		ADDED from src\main\AndroidManifest.xml:33:9-35
	android:icon
		ADDED from src\main\AndroidManifest.xml:34:9-43
	android:name
		ADDED from src\main\AndroidManifest.xml:32:9-45
meta-data#com.baidu.lbsapi.API_KEY
ADDED from src\main\AndroidManifest.xml:38:9-40:63
	android:value
		ADDED from src\main\AndroidManifest.xml:40:13-61
	android:name
		ADDED from src\main\AndroidManifest.xml:39:13-52
activity#com.baidu.bikenavi_demo.BNaviGuideActivity
ADDED from src\main\AndroidManifest.xml:42:9-44:20
	android:name
		ADDED from src\main\AndroidManifest.xml:42:19-53
activity#com.baidu.bikenavi_demo.BNaviMainActivity
ADDED from src\main\AndroidManifest.xml:45:9-51:20
	android:name
		ADDED from src\main\AndroidManifest.xml:45:19-52
intent-filter#android.intent.action.MAIN+android.intent.category.LAUNCHER
ADDED from src\main\AndroidManifest.xml:46:13-50:29
action#android.intent.action.MAIN
ADDED from src\main\AndroidManifest.xml:47:17-68
	android:name
		ADDED from src\main\AndroidManifest.xml:47:25-66
category#android.intent.category.LAUNCHER
ADDED from src\main\AndroidManifest.xml:49:17-76
	android:name
		ADDED from src\main\AndroidManifest.xml:49:27-74
activity#com.baidu.bikenavi_demo.WNaviGuideActivity
ADDED from src\main\AndroidManifest.xml:53:9-55:20
	android:name
		ADDED from src\main\AndroidManifest.xml:53:19-53
service#com.baidu.location.f
ADDED from src\main\AndroidManifest.xml:57:9-61:19
	android:enabled
		ADDED from src\main\AndroidManifest.xml:59:13-35
	android:process
		ADDED from src\main\AndroidManifest.xml:60:13-38
	android:name
		ADDED from src\main\AndroidManifest.xml:58:13-48
uses-sdk
INJECTED from src\main\AndroidManifest.xml reason: use-sdk injection requested
	android:targetSdkVersion
		INJECTED from src\main\AndroidManifest.xml
		INJECTED from src\main\AndroidManifest.xml
	android:minSdkVersion
		INJECTED from src\main\AndroidManifest.xml
		INJECTED from src\main\AndroidManifest.xml